TN:
SF:src/domain/entity/address.ts
FN:14,toString
FN:18,get street
FN:22,get number
FN:26,get zip
FN:30,get city
FN:7,Address
FNF:6
FNH:5
FNDA:0,toString
FNDA:8,get street
FNDA:8,get number
FNDA:8,get zip
FNDA:8,get city
FNDA:10,Address
DA:1,1
DA:2,1
DA:3,1
DA:4,1
DA:5,1
DA:6,1
DA:7,1
DA:8,10
DA:9,10
DA:10,10
DA:11,10
DA:12,10
DA:13,1
DA:14,1
DA:15,0
DA:16,0
DA:17,1
DA:18,1
DA:19,8
DA:20,8
DA:21,1
DA:22,1
DA:23,8
DA:24,8
DA:25,1
DA:26,1
DA:27,8
DA:28,8
DA:29,1
DA:30,1
DA:31,8
DA:32,8
DA:33,1
LF:33
LH:31
BRDA:18,0,0,8
BRDA:22,1,0,8
BRDA:26,2,0,8
BRDA:30,3,0,8
BRDA:7,4,0,10
BRF:5
BRH:5
end_of_record
TN:
SF:src/domain/entity/customer.ts
FN:20,validate
FN:27,changeName
FN:32,activate
FN:38,deactivate
FN:42,addRewardPoints
FN:46,changeAddress
FN:50,get id
FN:54,get name
FN:58,set address
FN:62,get rewardPoints
FN:66,get address
FN:70,isActive
FN:13,Customer
FNF:13
FNH:13
FNDA:11,validate
FNDA:2,changeName
FNDA:2,activate
FNDA:1,deactivate
FNDA:4,addRewardPoints
FNDA:2,changeAddress
FNDA:11,get id
FNDA:10,get name
FNDA:2,set address
FNDA:8,get rewardPoints
FNDA:32,get address
FNDA:8,isActive
FNDA:10,Customer
DA:1,1
DA:2,1
DA:3,1
DA:4,1
DA:5,1
DA:6,1
DA:7,1
DA:8,1
DA:9,1
DA:10,1
DA:11,1
DA:12,1
DA:13,1
DA:14,10
DA:15,10
DA:16,10
DA:17,10
DA:18,10
DA:19,1
DA:20,1
DA:21,11
DA:22,11
DA:23,11
DA:24,11
DA:25,11
DA:26,1
DA:27,1
DA:28,2
DA:29,2
DA:30,2
DA:31,1
DA:32,1
DA:33,2
DA:34,2
DA:35,1
DA:36,1
DA:37,1
DA:38,1
DA:39,1
DA:40,1
DA:41,1
DA:42,1
DA:43,4
DA:44,4
DA:45,1
DA:46,1
DA:47,2
DA:48,2
DA:49,1
DA:50,1
DA:51,11
DA:52,11
DA:53,1
DA:54,1
DA:55,10
DA:56,10
DA:57,1
DA:58,1
DA:59,2
DA:60,2
DA:61,1
DA:62,1
DA:63,8
DA:64,8
DA:65,1
DA:66,1
DA:67,32
DA:68,32
DA:69,1
DA:70,1
DA:71,8
DA:72,8
DA:73,1
LF:73
LH:73
BRDA:20,0,0,11
BRDA:22,1,0,0
BRDA:24,2,0,0
BRDA:27,3,0,2
BRDA:32,4,0,2
BRDA:34,5,0,1
BRDA:38,6,0,1
BRDA:42,7,0,4
BRDA:46,8,0,2
BRDA:50,9,0,11
BRDA:54,10,0,10
BRDA:58,11,0,2
BRDA:62,12,0,8
BRDA:66,13,0,32
BRDA:70,14,0,8
BRDA:13,15,0,10
BRF:16
BRH:14
end_of_record
TN:
SF:src/domain/entity/order.ts
FN:16,validate
FN:25,total
FN:29,get id
FN:33,get customerId
FN:37,get items
FN:9,Order
FNF:6
FNH:6
FNDA:9,validate
FNDA:10,total
FNDA:9,get id
FNDA:3,get customerId
FNDA:5,get items
FNDA:9,Order
DA:1,1
DA:2,1
DA:3,1
DA:4,1
DA:5,1
DA:6,1
DA:7,1
DA:8,1
DA:9,1
DA:10,9
DA:11,9
DA:12,9
DA:13,9
DA:14,9
DA:15,1
DA:16,1
DA:17,9
DA:18,9
DA:19,8
DA:20,9
DA:21,7
DA:22,9
DA:23,9
DA:24,1
DA:25,1
DA:26,10
DA:27,10
DA:28,1
DA:29,1
DA:30,9
DA:31,9
DA:32,1
DA:33,1
DA:34,3
DA:35,3
DA:36,1
DA:37,1
DA:38,5
DA:39,5
DA:40,1
LF:40
LH:40
BRDA:16,0,0,9
BRDA:18,1,0,1
BRDA:19,2,0,8
BRDA:20,3,0,1
BRDA:21,4,0,7
BRDA:22,5,0,1
BRDA:25,6,0,10
BRDA:26,7,0,15
BRDA:29,8,0,9
BRDA:33,9,0,3
BRDA:37,10,0,5
BRDA:9,11,0,9
BRF:12
BRH:12
end_of_record
TN:
SF:src/domain/entity/order_item.ts
FN:17,validate
FN:22,get price
FN:26,get id
FN:30,get name
FN:34,get quantity
FN:38,get productId
FN:8,OrderItem
FNF:7
FNH:7
FNDA:14,validate
FNDA:21,get price
FNDA:8,get id
FNDA:6,get name
FNDA:6,get quantity
FNDA:3,get productId
FNDA:14,OrderItem
DA:1,1
DA:2,1
DA:3,1
DA:4,1
DA:5,1
DA:6,1
DA:7,1
DA:8,1
DA:9,14
DA:10,14
DA:11,14
DA:12,14
DA:13,14
DA:14,14
DA:15,14
DA:16,1
DA:17,1
DA:18,14
DA:19,14
DA:20,14
DA:21,1
DA:22,1
DA:23,21
DA:24,21
DA:25,1
DA:26,1
DA:27,8
DA:28,8
DA:29,1
DA:30,1
DA:31,6
DA:32,6
DA:33,1
DA:34,1
DA:35,6
DA:36,6
DA:37,1
DA:38,1
DA:39,3
DA:40,3
DA:41,1
LF:41
LH:41
BRDA:17,0,0,14
BRDA:19,1,0,2
BRDA:22,2,0,21
BRDA:26,3,0,8
BRDA:30,4,0,6
BRDA:34,5,0,6
BRDA:38,6,0,3
BRDA:8,7,0,14
BRF:8
BRH:8
end_of_record
TN:
SF:src/domain/entity/product.ts
FN:15,validate
FN:24,changeName
FN:29,changePrice
FN:34,get name
FN:38,get price
FN:42,get id
FN:7,Product
FNF:7
FNH:7
FNDA:19,validate
FNDA:2,changeName
FNDA:4,changePrice
FNDA:13,get name
FNDA:13,get price
FNDA:12,get id
FNDA:15,Product
DA:1,1
DA:2,1
DA:3,1
DA:4,1
DA:5,1
DA:6,1
DA:7,1
DA:8,15
DA:9,15
DA:10,15
DA:11,15
DA:12,15
DA:13,15
DA:14,1
DA:15,1
DA:16,19
DA:17,19
DA:18,19
DA:19,19
DA:20,19
DA:21,19
DA:22,19
DA:23,1
DA:24,1
DA:25,2
DA:26,2
DA:27,2
DA:28,1
DA:29,1
DA:30,4
DA:31,4
DA:32,4
DA:33,1
DA:34,1
DA:35,13
DA:36,13
DA:37,1
DA:38,1
DA:39,13
DA:40,13
DA:41,1
DA:42,1
DA:43,12
DA:44,12
DA:45,1
LF:45
LH:45
BRDA:15,0,0,19
BRDA:17,1,0,1
BRDA:19,2,0,2
BRDA:21,3,0,0
BRDA:24,4,0,2
BRDA:29,5,0,4
BRDA:34,6,0,13
BRDA:38,7,0,13
BRDA:42,8,0,12
BRDA:7,9,0,15
BRF:10
BRH:9
end_of_record
TN:
SF:src/domain/service/order.service.ts
FN:13,total
FN:17,placeOrder
FNF:2
FNH:2
FNDA:1,total
FNDA:1,placeOrder
DA:1,1
DA:2,1
DA:3,1
DA:4,1
DA:5,1
DA:6,1
DA:7,1
DA:8,1
DA:9,1
DA:10,1
DA:11,1
DA:12,1
DA:13,1
DA:14,1
DA:15,1
DA:16,1
DA:17,1
DA:18,1
DA:19,0
DA:20,0
DA:21,1
DA:22,1
DA:23,1
DA:24,1
DA:25,1
DA:26,1
LF:26
LH:24
BRDA:13,0,0,1
BRDA:14,1,0,2
BRDA:17,2,0,1
BRDA:18,3,0,0
BRF:4
BRH:3
end_of_record
TN:
SF:src/domain/service/product.service.ts
FN:9,increasePrice
FNF:1
FNH:1
FNDA:1,increasePrice
DA:1,1
DA:2,1
DA:3,1
DA:4,1
DA:5,1
DA:6,1
DA:7,1
DA:8,1
DA:9,1
DA:10,1
DA:11,2
DA:12,1
DA:13,1
DA:14,1
LF:14
LH:14
BRDA:9,0,0,1
BRDA:10,1,0,2
BRF:2
BRH:2
end_of_record
TN:
SF:src/infrastructure/db/sequelize/model/customer.model.ts
FNF:0
FNH:0
DA:1,1
DA:2,1
DA:3,1
DA:4,1
DA:5,1
DA:6,1
DA:7,1
DA:8,1
DA:9,1
DA:10,1
DA:11,1
DA:12,1
DA:13,1
DA:14,1
DA:15,1
DA:16,1
DA:17,1
DA:18,1
DA:19,1
DA:20,1
DA:21,1
DA:22,1
DA:23,1
DA:24,1
DA:25,1
DA:26,1
DA:27,1
DA:28,1
DA:29,1
DA:30,1
DA:31,1
DA:32,1
DA:33,1
DA:34,1
DA:35,1
DA:36,1
DA:37,1
LF:37
LH:37
BRF:0
BRH:0
end_of_record
TN:
SF:src/infrastructure/db/sequelize/model/order.model.ts
FNF:0
FNH:0
DA:1,1
DA:2,1
DA:3,1
DA:4,1
DA:5,1
DA:6,1
DA:7,1
DA:8,1
DA:9,1
DA:10,1
DA:11,1
DA:12,1
DA:13,1
DA:14,1
DA:15,1
DA:16,1
DA:17,1
DA:18,1
DA:19,1
DA:20,1
DA:21,1
DA:22,1
DA:23,1
DA:24,1
DA:25,1
DA:26,1
DA:27,1
DA:28,1
LF:28
LH:28
BRDA:16,0,0,2
BRDA:20,1,0,6
BRDA:23,2,0,6
BRF:3
BRH:3
end_of_record
TN:
SF:src/infrastructure/db/sequelize/model/order_item.model.ts
FNF:0
FNH:0
DA:1,1
DA:2,1
DA:3,1
DA:4,1
DA:5,1
DA:6,1
DA:7,1
DA:8,1
DA:9,1
DA:10,1
DA:11,1
DA:12,1
DA:13,1
DA:14,1
DA:15,1
DA:16,1
DA:17,1
DA:18,1
DA:19,1
DA:20,1
DA:21,1
DA:22,1
DA:23,1
DA:24,1
DA:25,1
DA:26,1
DA:27,1
DA:28,1
DA:29,1
DA:30,1
DA:31,1
DA:32,1
DA:33,1
DA:34,1
DA:35,1
DA:36,1
DA:37,1
DA:38,1
LF:38
LH:38
BRDA:16,0,0,10
BRDA:20,1,0,4
BRDA:23,2,0,4
BRDA:27,3,0,4
BRF:4
BRH:4
end_of_record
TN:
SF:src/infrastructure/db/sequelize/model/product.model.ts
FNF:0
FNH:0
DA:1,1
DA:2,1
DA:3,1
DA:4,1
DA:5,1
DA:6,1
DA:7,1
DA:8,1
DA:9,1
DA:10,1
DA:11,1
DA:12,1
DA:13,1
DA:14,1
DA:15,1
DA:16,1
DA:17,1
LF:17
LH:17
BRF:0
BRH:0
end_of_record
TN:
SF:src/infrastructure/repository/customer.repository.ts
FN:8,create
FN:21,update
FN:40,find
FN:63,findAll
FNF:4
FNH:4
FNDA:7,create
FNDA:1,update
FNDA:2,find
FNDA:1,findAll
DA:1,1
DA:2,1
DA:3,1
DA:4,1
DA:5,1
DA:6,1
DA:7,1
DA:8,1
DA:9,7
DA:10,7
DA:11,7
DA:12,7
DA:13,7
DA:14,7
DA:15,7
DA:16,7
DA:17,7
DA:18,7
DA:19,7
DA:20,1
DA:21,1
DA:22,1
DA:23,1
DA:24,1
DA:25,1
DA:26,1
DA:27,1
DA:28,1
DA:29,1
DA:30,1
DA:31,1
DA:32,1
DA:33,1
DA:34,1
DA:35,1
DA:36,1
DA:37,1
DA:38,1
DA:39,1
DA:40,1
DA:41,2
DA:42,2
DA:43,2
DA:44,2
DA:45,2
DA:46,2
DA:47,2
DA:48,2
DA:49,1
DA:50,1
DA:51,1
DA:52,1
DA:53,1
DA:54,1
DA:55,1
DA:56,1
DA:57,1
DA:58,1
DA:59,1
DA:60,1
DA:61,1
DA:62,1
DA:63,1
DA:64,1
DA:65,1
DA:66,1
DA:67,2
DA:68,2
DA:69,2
DA:70,2
DA:71,2
DA:72,2
DA:73,2
DA:74,2
DA:75,2
DA:76,2
DA:77,1
DA:78,1
DA:79,1
LF:79
LH:79
BRDA:8,0,0,7
BRDA:21,1,0,1
BRDA:40,2,0,2
BRDA:49,3,0,1
BRDA:63,4,0,1
BRDA:66,5,0,2
BRF:6
BRH:6
end_of_record
TN:
SF:src/infrastructure/repository/order.repository.ts
FN:9,create
FN:31,update
FN:57,find
FN:77,findAll
FNF:4
FNH:2
FNDA:2,create
FNDA:1,update
FNDA:0,find
FNDA:0,findAll
DA:1,1
DA:2,1
DA:3,1
DA:4,1
DA:5,1
DA:6,1
DA:7,1
DA:8,1
DA:9,1
DA:10,2
DA:11,2
DA:12,2
DA:13,2
DA:14,2
DA:15,2
DA:16,2
DA:17,2
DA:18,2
DA:19,2
DA:20,2
DA:21,2
DA:22,2
DA:23,2
DA:24,2
DA:25,2
DA:26,2
DA:27,2
DA:28,2
DA:29,2
DA:30,1
DA:31,1
DA:32,1
DA:33,1
DA:34,1
DA:35,1
DA:36,1
DA:37,1
DA:38,1
DA:39,1
DA:40,1
DA:41,1
DA:42,1
DA:43,1
DA:44,1
DA:45,1
DA:46,1
DA:47,1
DA:48,1
DA:49,1
DA:50,1
DA:51,1
DA:52,1
DA:53,1
DA:54,1
DA:55,1
DA:56,1
DA:57,1
DA:58,0
DA:59,0
DA:60,0
DA:61,0
DA:62,0
DA:63,0
DA:64,0
DA:65,0
DA:66,0
DA:67,0
DA:68,0
DA:69,0
DA:70,0
DA:71,0
DA:72,0
DA:73,0
DA:74,0
DA:75,0
DA:76,1
DA:77,1
DA:78,0
DA:79,0
DA:80,0
DA:81,0
DA:82,0
DA:83,0
DA:84,0
DA:85,0
DA:86,0
DA:87,0
DA:88,0
DA:89,0
DA:90,0
DA:91,0
DA:92,0
DA:93,0
DA:94,0
DA:95,0
DA:96,0
DA:97,0
DA:98,0
DA:99,0
DA:100,1
LF:100
LH:60
BRDA:9,0,0,2
BRDA:14,1,0,2
BRDA:31,2,0,1
BRDA:45,3,0,2
BRDA:45,4,0,2
BRDA:45,5,0,1
BRF:6
BRH:6
end_of_record
TN:
SF:src/infrastructure/repository/product.repository.spec.ts
FNF:0
FNH:0
DA:1,1
DA:2,1
DA:3,1
DA:4,1
DA:5,1
DA:6,1
DA:7,1
DA:8,1
DA:9,1
DA:10,1
DA:11,1
DA:12,1
DA:13,1
DA:14,1
DA:15,1
DA:16,1
DA:17,1
DA:18,1
DA:19,1
DA:20,1
DA:21,1
DA:22,1
DA:23,1
DA:24,1
DA:25,1
DA:26,1
DA:27,1
DA:28,1
DA:29,1
DA:30,1
DA:31,1
DA:32,1
DA:33,1
DA:34,1
DA:35,1
DA:36,1
DA:37,1
DA:38,1
DA:39,1
DA:40,1
DA:41,1
DA:42,1
DA:43,1
DA:44,1
DA:45,1
DA:46,1
DA:47,1
DA:48,1
DA:49,1
DA:50,1
DA:51,1
DA:52,1
DA:53,1
DA:54,1
DA:55,1
DA:56,1
DA:57,1
DA:58,1
DA:59,1
DA:60,1
DA:61,1
DA:62,1
DA:63,1
DA:64,1
DA:65,1
DA:66,1
DA:67,1
DA:68,1
DA:69,1
DA:70,1
DA:71,1
DA:72,1
DA:73,1
DA:74,1
DA:75,1
DA:76,1
DA:77,1
DA:78,1
DA:79,1
DA:80,1
DA:81,1
DA:82,1
DA:83,1
DA:84,1
DA:85,1
DA:86,1
DA:87,1
DA:88,1
DA:89,1
DA:90,1
DA:91,1
DA:92,1
DA:93,1
LF:93
LH:93
BRF:0
BRH:0
end_of_record
TN:
SF:src/infrastructure/repository/product.repository.ts
FN:7,create
FN:15,update
FN:29,find
FN:34,findAll
FNF:4
FNH:4
FNDA:7,create
FNDA:1,update
FNDA:1,find
FNDA:1,findAll
DA:1,1
DA:2,1
DA:3,1
DA:4,1
DA:5,1
DA:6,1
DA:7,1
DA:8,7
DA:9,7
DA:10,7
DA:11,7
DA:12,7
DA:13,7
DA:14,1
DA:15,1
DA:16,1
DA:17,1
DA:18,1
DA:19,1
DA:20,1
DA:21,1
DA:22,1
DA:23,1
DA:24,1
DA:25,1
DA:26,1
DA:27,1
DA:28,1
DA:29,1
DA:30,1
DA:31,1
DA:32,1
DA:33,1
DA:34,1
DA:35,1
DA:36,1
DA:37,2
DA:38,1
DA:39,1
DA:40,1
LF:40
LH:40
BRDA:7,0,0,7
BRDA:15,1,0,1
BRDA:29,2,0,1
BRDA:34,3,0,1
BRDA:36,4,0,2
BRF:5
BRH:5
end_of_record
