TN:
SF:src/domain/entity/address.ts
FN:14,toString
FN:18,get street
FN:22,get number
FN:26,get zip
FN:30,get city
FN:7,Address
FNF:6
FNH:5
FNDA:0,toString
FNDA:11,get street
FNDA:11,get number
FNDA:11,get zip
FNDA:11,get city
FNDA:13,Address
DA:1,1
DA:2,1
DA:3,1
DA:4,1
DA:5,1
DA:6,1
DA:7,1
DA:8,13
DA:9,13
DA:10,13
DA:11,13
DA:12,13
DA:13,1
DA:14,1
DA:15,0
DA:16,0
DA:17,1
DA:18,1
DA:19,11
DA:20,11
DA:21,1
DA:22,1
DA:23,11
DA:24,11
DA:25,1
DA:26,1
DA:27,11
DA:28,11
DA:29,1
DA:30,1
DA:31,11
DA:32,11
DA:33,1
LF:33
LH:31
BRDA:18,0,0,11
BRDA:22,1,0,11
BRDA:26,2,0,11
BRDA:30,3,0,11
BRDA:7,4,0,13
BRF:5
BRH:5
end_of_record
TN:
SF:src/domain/entity/customer.ts
FN:20,validate
FN:27,changeName
FN:32,activate
FN:38,deactivate
FN:42,addRewardPoints
FN:46,changeAddress
FN:50,get id
FN:54,get name
FN:58,set address
FN:62,get rewardPoints
FN:66,get address
FN:70,isActive
FN:13,Customer
FNF:13
FNH:13
FNDA:15,validate
FNDA:2,changeName
FNDA:2,activate
FNDA:1,deactivate
FNDA:5,addRewardPoints
FNDA:5,changeAddress
FNDA:17,get id
FNDA:13,get name
FNDA:2,set address
FNDA:12,get rewardPoints
FNDA:44,get address
FNDA:11,isActive
FNDA:14,Customer
DA:1,1
DA:2,1
DA:3,1
DA:4,1
DA:5,1
DA:6,1
DA:7,1
DA:8,1
DA:9,1
DA:10,1
DA:11,1
DA:12,1
DA:13,1
DA:14,14
DA:15,14
DA:16,14
DA:17,14
DA:18,14
DA:19,1
DA:20,1
DA:21,15
DA:22,15
DA:23,15
DA:24,15
DA:25,15
DA:26,1
DA:27,1
DA:28,2
DA:29,2
DA:30,2
DA:31,1
DA:32,1
DA:33,2
DA:34,2
DA:35,1
DA:36,1
DA:37,1
DA:38,1
DA:39,1
DA:40,1
DA:41,1
DA:42,1
DA:43,5
DA:44,5
DA:45,1
DA:46,1
DA:47,5
DA:48,5
DA:49,1
DA:50,1
DA:51,17
DA:52,17
DA:53,1
DA:54,1
DA:55,13
DA:56,13
DA:57,1
DA:58,1
DA:59,2
DA:60,2
DA:61,1
DA:62,1
DA:63,12
DA:64,12
DA:65,1
DA:66,1
DA:67,44
DA:68,44
DA:69,1
DA:70,1
DA:71,11
DA:72,11
DA:73,1
LF:73
LH:73
BRDA:20,0,0,15
BRDA:22,1,0,0
BRDA:24,2,0,0
BRDA:27,3,0,2
BRDA:32,4,0,2
BRDA:34,5,0,1
BRDA:38,6,0,1
BRDA:42,7,0,5
BRDA:46,8,0,5
BRDA:50,9,0,17
BRDA:54,10,0,13
BRDA:58,11,0,2
BRDA:62,12,0,12
BRDA:66,13,0,44
BRDA:70,14,0,11
BRDA:13,15,0,14
BRF:16
BRH:14
end_of_record
TN:
SF:src/domain/entity/order.ts
FN:15,validate
FN:24,total
FN:28,get id
FN:32,get customerId
FN:36,get items
FN:8,Order
FNF:6
FNH:6
FNDA:11,validate
FNDA:12,total
FNDA:16,get id
FNDA:6,get customerId
FNDA:8,get items
FNDA:11,Order
DA:1,1
DA:2,1
DA:3,1
DA:4,1
DA:5,1
DA:6,1
DA:7,1
DA:8,1
DA:9,11
DA:10,11
DA:11,11
DA:12,11
DA:13,11
DA:14,1
DA:15,1
DA:16,11
DA:17,11
DA:18,11
DA:19,11
DA:20,11
DA:21,11
DA:22,11
DA:23,1
DA:24,1
DA:25,12
DA:26,12
DA:27,1
DA:28,1
DA:29,16
DA:30,16
DA:31,1
DA:32,1
DA:33,6
DA:34,6
DA:35,1
DA:36,1
DA:37,8
DA:38,8
DA:39,1
LF:39
LH:39
BRDA:15,0,0,11
BRDA:17,1,0,0
BRDA:19,2,0,0
BRDA:21,3,0,0
BRDA:24,4,0,12
BRDA:25,5,0,14
BRDA:28,6,0,16
BRDA:32,7,0,6
BRDA:36,8,0,8
BRDA:8,9,0,11
BRF:10
BRH:7
end_of_record
TN:
SF:src/domain/entity/order_item.ts
FN:17,validate
FN:22,get price
FN:26,get id
FN:30,get name
FN:34,get quantity
FN:38,get productId
FN:8,OrderItem
FNF:7
FNH:7
FNDA:12,validate
FNDA:23,get price
FNDA:11,get id
FNDA:9,get name
FNDA:9,get quantity
FNDA:6,get productId
FNDA:12,OrderItem
DA:1,1
DA:2,1
DA:3,1
DA:4,1
DA:5,1
DA:6,1
DA:7,1
DA:8,1
DA:9,12
DA:10,12
DA:11,12
DA:12,12
DA:13,12
DA:14,12
DA:15,12
DA:16,1
DA:17,1
DA:18,12
DA:19,12
DA:20,12
DA:21,1
DA:22,1
DA:23,23
DA:24,23
DA:25,1
DA:26,1
DA:27,11
DA:28,11
DA:29,1
DA:30,1
DA:31,9
DA:32,9
DA:33,1
DA:34,1
DA:35,9
DA:36,9
DA:37,1
DA:38,1
DA:39,6
DA:40,6
DA:41,1
LF:41
LH:41
BRDA:17,0,0,12
BRDA:19,1,0,0
BRDA:22,2,0,23
BRDA:26,3,0,11
BRDA:30,4,0,9
BRDA:34,5,0,9
BRDA:38,6,0,6
BRDA:8,7,0,12
BRF:8
BRH:7
end_of_record
TN:
SF:src/domain/entity/product.ts
FN:15,validate
FN:24,changeName
FN:29,changePrice
FN:34,get name
FN:38,get price
FN:42,get id
FN:7,Product
FNF:7
FNH:7
FNDA:22,validate
FNDA:2,changeName
FNDA:4,changePrice
FNDA:19,get name
FNDA:19,get price
FNDA:18,get id
FNDA:18,Product
DA:1,1
DA:2,1
DA:3,1
DA:4,1
DA:5,1
DA:6,1
DA:7,1
DA:8,18
DA:9,18
DA:10,18
DA:11,18
DA:12,18
DA:13,18
DA:14,1
DA:15,1
DA:16,22
DA:17,22
DA:18,22
DA:19,22
DA:20,22
DA:21,22
DA:22,22
DA:23,1
DA:24,1
DA:25,2
DA:26,2
DA:27,2
DA:28,1
DA:29,1
DA:30,4
DA:31,4
DA:32,4
DA:33,1
DA:34,1
DA:35,19
DA:36,19
DA:37,1
DA:38,1
DA:39,19
DA:40,19
DA:41,1
DA:42,1
DA:43,18
DA:44,18
DA:45,1
LF:45
LH:45
BRDA:15,0,0,22
BRDA:17,1,0,1
BRDA:19,2,0,2
BRDA:21,3,0,0
BRDA:24,4,0,2
BRDA:29,5,0,4
BRDA:34,6,0,19
BRDA:38,7,0,19
BRDA:42,8,0,18
BRDA:7,9,0,18
BRF:10
BRH:9
end_of_record
TN:
SF:src/domain/service/order.service.ts
FN:13,total
FN:17,placeOrder
FNF:2
FNH:2
FNDA:1,total
FNDA:1,placeOrder
DA:1,1
DA:2,1
DA:3,1
DA:4,1
DA:5,1
DA:6,1
DA:7,1
DA:8,1
DA:9,1
DA:10,1
DA:11,1
DA:12,1
DA:13,1
DA:14,1
DA:15,1
DA:16,1
DA:17,1
DA:18,1
DA:19,0
DA:20,0
DA:21,1
DA:22,1
DA:23,1
DA:24,1
DA:25,1
DA:26,1
LF:26
LH:24
BRDA:13,0,0,1
BRDA:14,1,0,2
BRDA:17,2,0,1
BRDA:18,3,0,0
BRF:4
BRH:3
end_of_record
TN:
SF:src/domain/service/product.service.ts
FN:9,increasePrice
FNF:1
FNH:1
FNDA:1,increasePrice
DA:1,1
DA:2,1
DA:3,1
DA:4,1
DA:5,1
DA:6,1
DA:7,1
DA:8,1
DA:9,1
DA:10,1
DA:11,2
DA:12,1
DA:13,1
DA:14,1
LF:14
LH:14
BRDA:9,0,0,1
BRDA:10,1,0,2
BRF:2
BRH:2
end_of_record
TN:
SF:src/infrastructure/db/sequelize/model/customer.model.ts
FNF:0
FNH:0
DA:1,1
DA:2,1
DA:3,1
DA:4,1
DA:5,1
DA:6,1
DA:7,1
DA:8,1
DA:9,1
DA:10,1
DA:11,1
DA:12,1
DA:13,1
DA:14,1
DA:15,1
DA:16,1
DA:17,1
DA:18,1
DA:19,1
DA:20,1
DA:21,1
DA:22,1
DA:23,1
DA:24,1
DA:25,1
DA:26,1
DA:27,1
DA:28,1
DA:29,1
DA:30,1
DA:31,1
DA:32,1
DA:33,1
DA:34,1
DA:35,1
DA:36,1
DA:37,1
LF:37
LH:37
BRF:0
BRH:0
end_of_record
TN:
SF:src/infrastructure/db/sequelize/model/order.model.ts
FNF:0
FNH:0
DA:1,1
DA:2,1
DA:3,1
DA:4,1
DA:5,1
DA:6,1
DA:7,1
DA:8,1
DA:9,1
DA:10,1
DA:11,1
DA:12,1
DA:13,1
DA:14,1
DA:15,1
DA:16,1
DA:17,1
DA:18,1
DA:19,1
DA:20,1
DA:21,1
DA:22,1
DA:23,1
DA:24,1
DA:25,1
DA:26,1
DA:27,1
DA:28,1
LF:28
LH:28
BRDA:16,0,0,4
BRDA:20,1,0,13
BRDA:23,2,0,13
BRF:3
BRH:3
end_of_record
TN:
SF:src/infrastructure/db/sequelize/model/order_item.model.ts
FNF:0
FNH:0
DA:1,1
DA:2,1
DA:3,1
DA:4,1
DA:5,1
DA:6,1
DA:7,1
DA:8,1
DA:9,1
DA:10,1
DA:11,1
DA:12,1
DA:13,1
DA:14,1
DA:15,1
DA:16,1
DA:17,1
DA:18,1
DA:19,1
DA:20,1
DA:21,1
DA:22,1
DA:23,1
DA:24,1
DA:25,1
DA:26,1
DA:27,1
DA:28,1
DA:29,1
DA:30,1
DA:31,1
DA:32,1
DA:33,1
DA:34,1
DA:35,1
DA:36,1
DA:37,1
DA:38,1
LF:38
LH:38
BRDA:16,0,0,20
BRDA:20,1,0,8
BRDA:23,2,0,8
BRDA:27,3,0,8
BRF:4
BRH:4
end_of_record
TN:
SF:src/infrastructure/db/sequelize/model/product.model.ts
FNF:0
FNH:0
DA:1,1
DA:2,1
DA:3,1
DA:4,1
DA:5,1
DA:6,1
DA:7,1
DA:8,1
DA:9,1
DA:10,1
DA:11,1
DA:12,1
DA:13,1
DA:14,1
DA:15,1
DA:16,1
DA:17,1
LF:17
LH:17
BRF:0
BRH:0
end_of_record
TN:
SF:src/infrastructure/repository/customer.repository.ts
FN:8,create
FN:21,update
FN:40,find
FN:63,findAll
FNF:4
FNH:4
FNDA:10,create
FNDA:1,update
FNDA:2,find
FNDA:1,findAll
DA:1,1
DA:2,1
DA:3,1
DA:4,1
DA:5,1
DA:6,1
DA:7,1
DA:8,1
DA:9,10
DA:10,10
DA:11,10
DA:12,10
DA:13,10
DA:14,10
DA:15,10
DA:16,10
DA:17,10
DA:18,10
DA:19,10
DA:20,1
DA:21,1
DA:22,1
DA:23,1
DA:24,1
DA:25,1
DA:26,1
DA:27,1
DA:28,1
DA:29,1
DA:30,1
DA:31,1
DA:32,1
DA:33,1
DA:34,1
DA:35,1
DA:36,1
DA:37,1
DA:38,1
DA:39,1
DA:40,1
DA:41,2
DA:42,2
DA:43,2
DA:44,2
DA:45,2
DA:46,2
DA:47,2
DA:48,2
DA:49,1
DA:50,1
DA:51,1
DA:52,1
DA:53,1
DA:54,1
DA:55,1
DA:56,1
DA:57,1
DA:58,1
DA:59,1
DA:60,1
DA:61,1
DA:62,1
DA:63,1
DA:64,1
DA:65,1
DA:66,1
DA:67,2
DA:68,2
DA:69,2
DA:70,2
DA:71,2
DA:72,2
DA:73,2
DA:74,2
DA:75,2
DA:76,2
DA:77,1
DA:78,1
DA:79,1
LF:79
LH:79
BRDA:8,0,0,10
BRDA:21,1,0,1
BRDA:40,2,0,2
BRDA:49,3,0,1
BRDA:63,4,0,1
BRDA:66,5,0,2
BRF:6
BRH:6
end_of_record
TN:
SF:src/infrastructure/repository/order.repository.ts
FN:9,create
FN:31,update
FN:57,find
FN:77,findAll
FNF:4
FNH:4
FNDA:5,create
FNDA:1,update
FNDA:1,find
FNDA:1,findAll
DA:1,1
DA:2,1
DA:3,1
DA:4,1
DA:5,1
DA:6,1
DA:7,1
DA:8,1
DA:9,1
DA:10,5
DA:11,5
DA:12,5
DA:13,5
DA:14,5
DA:15,5
DA:16,5
DA:17,5
DA:18,5
DA:19,5
DA:20,5
DA:21,5
DA:22,5
DA:23,5
DA:24,5
DA:25,5
DA:26,5
DA:27,5
DA:28,5
DA:29,5
DA:30,1
DA:31,1
DA:32,1
DA:33,1
DA:34,1
DA:35,1
DA:36,1
DA:37,1
DA:38,1
DA:39,1
DA:40,1
DA:41,1
DA:42,1
DA:43,1
DA:44,1
DA:45,1
DA:46,1
DA:47,1
DA:48,1
DA:49,1
DA:50,1
DA:51,1
DA:52,1
DA:53,1
DA:54,1
DA:55,1
DA:56,1
DA:57,1
DA:58,1
DA:59,1
DA:60,1
DA:61,1
DA:62,1
DA:63,1
DA:64,1
DA:65,1
DA:66,1
DA:67,0
DA:68,0
DA:69,1
DA:70,1
DA:71,1
DA:72,1
DA:73,1
DA:74,1
DA:75,1
DA:76,1
DA:77,1
DA:78,1
DA:79,1
DA:80,1
DA:81,1
DA:82,1
DA:83,1
DA:84,1
DA:85,0
DA:86,0
DA:87,1
DA:88,1
DA:89,2
DA:90,2
DA:91,2
DA:92,2
DA:93,2
DA:94,2
DA:95,2
DA:96,2
DA:97,2
DA:98,1
DA:99,1
DA:100,1
LF:100
LH:96
BRDA:9,0,0,5
BRDA:14,1,0,5
BRDA:31,2,0,1
BRDA:45,3,0,2
BRDA:45,4,0,2
BRDA:45,5,0,1
BRDA:57,6,0,1
BRDA:66,7,0,0
BRDA:73,8,0,1
BRDA:77,9,0,1
BRDA:84,10,0,0
BRDA:88,11,0,2
BRDA:91,12,0,2
BRF:13
BRH:11
end_of_record
TN:
SF:src/infrastructure/repository/product.repository.spec.ts
FNF:0
FNH:0
DA:1,1
DA:2,1
DA:3,1
DA:4,1
DA:5,1
DA:6,1
DA:7,1
DA:8,1
DA:9,1
DA:10,1
DA:11,1
DA:12,1
DA:13,1
DA:14,1
DA:15,1
DA:16,1
DA:17,1
DA:18,1
DA:19,1
DA:20,1
DA:21,1
DA:22,1
DA:23,1
DA:24,1
DA:25,1
DA:26,1
DA:27,1
DA:28,1
DA:29,1
DA:30,1
DA:31,1
DA:32,1
DA:33,1
DA:34,1
DA:35,1
DA:36,1
DA:37,1
DA:38,1
DA:39,1
DA:40,1
DA:41,1
DA:42,1
DA:43,1
DA:44,1
DA:45,1
DA:46,1
DA:47,1
DA:48,1
DA:49,1
DA:50,1
DA:51,1
DA:52,1
DA:53,1
DA:54,1
DA:55,1
DA:56,1
DA:57,1
DA:58,1
DA:59,1
DA:60,1
DA:61,1
DA:62,1
DA:63,1
DA:64,1
DA:65,1
DA:66,1
DA:67,1
DA:68,1
DA:69,1
DA:70,1
DA:71,1
DA:72,1
DA:73,1
DA:74,1
DA:75,1
DA:76,1
DA:77,1
DA:78,1
DA:79,1
DA:80,1
DA:81,1
DA:82,1
DA:83,1
DA:84,1
DA:85,1
DA:86,1
DA:87,1
DA:88,1
DA:89,1
DA:90,1
DA:91,1
DA:92,1
DA:93,1
LF:93
LH:93
BRF:0
BRH:0
end_of_record
TN:
SF:src/infrastructure/repository/product.repository.ts
FN:7,create
FN:15,update
FN:29,find
FN:34,findAll
FNF:4
FNH:4
FNDA:10,create
FNDA:1,update
FNDA:1,find
FNDA:1,findAll
DA:1,1
DA:2,1
DA:3,1
DA:4,1
DA:5,1
DA:6,1
DA:7,1
DA:8,10
DA:9,10
DA:10,10
DA:11,10
DA:12,10
DA:13,10
DA:14,1
DA:15,1
DA:16,1
DA:17,1
DA:18,1
DA:19,1
DA:20,1
DA:21,1
DA:22,1
DA:23,1
DA:24,1
DA:25,1
DA:26,1
DA:27,1
DA:28,1
DA:29,1
DA:30,1
DA:31,1
DA:32,1
DA:33,1
DA:34,1
DA:35,1
DA:36,1
DA:37,2
DA:38,1
DA:39,1
DA:40,1
LF:40
LH:40
BRDA:7,0,0,10
BRDA:15,1,0,1
BRDA:29,2,0,1
BRDA:34,3,0,1
BRDA:36,4,0,2
BRF:5
BRH:5
end_of_record
