TN:
SF:dist/entity/address.js
FN:10,toString
FN:4,Address
FNF:2
FNH:1
FNDA:0,toString
FNDA:1,Address
DA:1,1
DA:2,1
DA:3,1
DA:4,1
DA:5,1
DA:6,1
DA:7,1
DA:8,1
DA:9,1
DA:10,1
DA:11,0
DA:12,0
DA:13,1
DA:14,1
LF:14
LH:12
BRDA:4,0,0,1
BRF:1
BRH:1
end_of_record
TN:
SF:dist/entity/customer.js
FN:10,validate
FN:16,changeName
FN:20,activate
FN:25,deactivate
FN:28,get name
FN:31,set address
FN:34,isActive
FN:4,Customer
FNF:8
FNH:8
FNDA:7,validate
FNDA:1,changeName
FNDA:2,activate
FNDA:1,deactivate
FNDA:1,get name
FNDA:1,set address
FNDA:2,isActive
FNDA:6,Customer
DA:1,1
DA:2,1
DA:3,1
DA:4,1
DA:5,6
DA:6,6
DA:7,6
DA:8,6
DA:9,6
DA:10,1
DA:11,7
DA:12,7
DA:13,6
DA:14,7
DA:15,7
DA:16,1
DA:17,1
DA:18,1
DA:19,1
DA:20,1
DA:21,2
DA:22,2
DA:23,1
DA:24,1
DA:25,1
DA:26,1
DA:27,1
DA:28,1
DA:29,1
DA:30,1
DA:31,1
DA:32,1
DA:33,1
DA:34,1
DA:35,2
DA:36,2
DA:37,1
DA:38,1
LF:38
LH:38
BRDA:10,0,0,7
BRDA:12,1,0,1
BRDA:13,2,0,6
BRDA:14,3,0,1
BRDA:16,4,0,1
BRDA:20,5,0,2
BRDA:22,6,0,1
BRDA:25,7,0,1
BRDA:28,8,0,1
BRDA:31,9,0,1
BRDA:34,10,0,2
BRDA:4,11,0,6
BRF:12
BRH:12
end_of_record
TN:
SF:dist/entity/order.js
FN:10,validate
FN:18,total
FN:4,Order
FNF:3
FNH:3
FNDA:4,validate
FNDA:1,total
FNDA:4,Order
DA:1,1
DA:2,1
DA:3,1
DA:4,1
DA:5,4
DA:6,4
DA:7,4
DA:8,4
DA:9,4
DA:10,1
DA:11,4
DA:12,4
DA:13,3
DA:14,4
DA:15,4
DA:16,4
DA:17,4
DA:18,1
DA:19,1
DA:20,1
DA:21,1
DA:22,1
LF:22
LH:22
BRDA:10,0,0,4
BRDA:12,1,0,1
BRDA:13,2,0,3
BRDA:14,3,0,1
BRDA:16,4,0,1
BRDA:18,5,0,1
BRDA:19,6,0,4
BRDA:4,7,0,4
BRF:8
BRH:8
end_of_record
TN:
SF:dist/entity/order_item.js
FN:12,validate
FN:16,get price
FN:4,OrderItem
FNF:3
FNH:3
FNDA:8,validate
FNDA:4,get price
FNDA:8,OrderItem
DA:1,1
DA:2,1
DA:3,1
DA:4,1
DA:5,8
DA:6,8
DA:7,8
DA:8,8
DA:9,8
DA:10,8
DA:11,8
DA:12,1
DA:13,8
DA:14,8
DA:15,8
DA:16,1
DA:17,4
DA:18,4
DA:19,1
DA:20,1
LF:20
LH:20
BRDA:12,0,0,8
BRDA:14,1,0,2
BRDA:16,2,0,4
BRDA:4,3,0,8
BRF:4
BRH:4
end_of_record
TN:
SF:dist/entity/product.js
FN:11,validate
FN:19,changeName
FN:23,changePrice
FN:27,get name
FN:30,get price
FN:4,Product
FNF:6
FNH:6
FNDA:7,validate
FNDA:1,changeName
FNDA:1,changePrice
FNDA:1,get name
FNDA:1,get price
FNDA:5,Product
DA:1,1
DA:2,1
DA:3,1
DA:4,1
DA:5,5
DA:6,5
DA:7,5
DA:8,5
DA:9,5
DA:10,5
DA:11,1
DA:12,7
DA:13,7
DA:14,7
DA:15,7
DA:16,4
DA:17,7
DA:18,7
DA:19,1
DA:20,1
DA:21,1
DA:22,1
DA:23,1
DA:24,1
DA:25,1
DA:26,1
DA:27,1
DA:28,1
DA:29,1
DA:30,1
DA:31,1
DA:32,1
DA:33,1
DA:34,1
LF:34
LH:34
BRDA:11,0,0,7
BRDA:13,1,0,1
BRDA:15,2,0,2
BRDA:16,3,0,4
BRDA:17,4,0,0
BRDA:19,5,0,1
BRDA:23,6,0,1
BRDA:27,7,0,1
BRDA:30,8,0,1
BRDA:4,9,0,5
BRF:10
BRH:9
end_of_record
TN:
SF:src/entity/address.ts
FN:14,toString
FN:7,Address
FNF:2
FNH:1
FNDA:0,toString
FNDA:1,Address
DA:1,1
DA:2,1
DA:3,1
DA:4,1
DA:5,1
DA:6,1
DA:7,1
DA:8,1
DA:9,1
DA:10,1
DA:11,1
DA:12,1
DA:13,1
DA:14,1
DA:15,0
DA:16,0
DA:17,1
LF:17
LH:15
BRDA:7,0,0,1
BRF:1
BRH:1
end_of_record
TN:
SF:src/entity/customer.ts
FN:18,validate
FN:25,changeName
FN:30,activate
FN:36,deactivate
FN:40,get name
FN:44,set address
FN:48,isActive
FN:12,Customer
FNF:8
FNH:8
FNDA:7,validate
FNDA:1,changeName
FNDA:2,activate
FNDA:1,deactivate
FNDA:1,get name
FNDA:1,set address
FNDA:2,isActive
FNDA:6,Customer
DA:1,1
DA:2,1
DA:3,1
DA:4,1
DA:5,1
DA:6,1
DA:7,1
DA:8,1
DA:9,1
DA:10,1
DA:11,1
DA:12,1
DA:13,6
DA:14,6
DA:15,6
DA:16,6
DA:17,1
DA:18,1
DA:19,7
DA:20,7
DA:21,6
DA:22,7
DA:23,7
DA:24,1
DA:25,1
DA:26,1
DA:27,1
DA:28,1
DA:29,1
DA:30,1
DA:31,2
DA:32,2
DA:33,1
DA:34,1
DA:35,1
DA:36,1
DA:37,1
DA:38,1
DA:39,1
DA:40,1
DA:41,1
DA:42,1
DA:43,1
DA:44,1
DA:45,1
DA:46,1
DA:47,1
DA:48,1
DA:49,2
DA:50,2
DA:51,1
LF:51
LH:51
BRDA:18,0,0,7
BRDA:20,1,0,1
BRDA:21,2,0,6
BRDA:22,3,0,1
BRDA:25,4,0,1
BRDA:30,5,0,2
BRDA:32,6,0,1
BRDA:36,7,0,1
BRDA:40,8,0,1
BRDA:44,9,0,1
BRDA:48,10,0,2
BRDA:12,11,0,6
BRF:12
BRH:12
end_of_record
TN:
SF:src/entity/order.ts
FN:15,validate
FN:24,total
FN:8,Order
FNF:3
FNH:3
FNDA:4,validate
FNDA:1,total
FNDA:4,Order
DA:1,1
DA:2,1
DA:3,1
DA:4,1
DA:5,1
DA:6,1
DA:7,1
DA:8,1
DA:9,4
DA:10,4
DA:11,4
DA:12,4
DA:13,4
DA:14,1
DA:15,1
DA:16,4
DA:17,4
DA:18,3
DA:19,4
DA:20,2
DA:21,4
DA:22,4
DA:23,1
DA:24,1
DA:25,1
DA:26,1
DA:27,1
LF:27
LH:27
BRDA:15,0,0,4
BRDA:17,1,0,1
BRDA:18,2,0,3
BRDA:19,3,0,1
BRDA:20,4,0,2
BRDA:21,5,0,1
BRDA:24,6,0,1
BRDA:25,7,0,4
BRDA:8,8,0,4
BRF:9
BRH:9
end_of_record
TN:
SF:src/entity/order_item.ts
FN:17,validate
FN:22,get price
FN:8,OrderItem
FNF:3
FNH:3
FNDA:8,validate
FNDA:4,get price
FNDA:8,OrderItem
DA:1,1
DA:2,1
DA:3,1
DA:4,1
DA:5,1
DA:6,1
DA:7,1
DA:8,1
DA:9,8
DA:10,8
DA:11,8
DA:12,8
DA:13,8
DA:14,8
DA:15,8
DA:16,1
DA:17,1
DA:18,8
DA:19,8
DA:20,8
DA:21,1
DA:22,1
DA:23,4
DA:24,4
DA:25,1
LF:25
LH:25
BRDA:17,0,0,8
BRDA:19,1,0,2
BRDA:22,2,0,4
BRDA:8,3,0,8
BRF:4
BRH:4
end_of_record
TN:
SF:src/entity/product.ts
FN:15,validate
FN:24,changeName
FN:29,changePrice
FN:34,get name
FN:38,get price
FN:7,Product
FNF:6
FNH:6
FNDA:7,validate
FNDA:1,changeName
FNDA:1,changePrice
FNDA:1,get name
FNDA:1,get price
FNDA:5,Product
DA:1,1
DA:2,1
DA:3,1
DA:4,1
DA:5,1
DA:6,1
DA:7,1
DA:8,5
DA:9,5
DA:10,5
DA:11,5
DA:12,5
DA:13,5
DA:14,1
DA:15,1
DA:16,7
DA:17,7
DA:18,7
DA:19,7
DA:20,4
DA:21,7
DA:22,7
DA:23,1
DA:24,1
DA:25,1
DA:26,1
DA:27,1
DA:28,1
DA:29,1
DA:30,1
DA:31,1
DA:32,1
DA:33,1
DA:34,1
DA:35,1
DA:36,1
DA:37,1
DA:38,1
DA:39,1
DA:40,1
DA:41,1
LF:41
LH:41
BRDA:15,0,0,7
BRDA:17,1,0,1
BRDA:19,2,0,2
BRDA:20,3,0,4
BRDA:21,4,0,0
BRDA:24,5,0,1
BRDA:29,6,0,1
BRDA:34,7,0,1
BRDA:38,8,0,1
BRDA:7,9,0,5
BRF:10
BRH:9
end_of_record
